0 info it worked if it ends with ok
1 verbose cli [
1 verbose cli   'C:\\Program Files (x86)\\Nodist\\v-x64\\13.12.0\\node.exe',
1 verbose cli   'C:\\Program Files (x86)\\Nodist\\npmv\\4.0.5\\bin\\npm-cli.js',
1 verbose cli   'view',
1 verbose cli   'DatabaseViewer'
1 verbose cli ]
2 info using npm@4.0.5
3 info using node@v13.12.0
4 silly mapToRegistry name DatabaseViewer
5 silly mapToRegistry using default registry
6 silly mapToRegistry registry https://registry.npmjs.org/
7 silly mapToRegistry data Result {
7 silly mapToRegistry   raw: 'DatabaseViewer',
7 silly mapToRegistry   scope: null,
7 silly mapToRegistry   escapedName: 'DatabaseViewer',
7 silly mapToRegistry   name: 'DatabaseViewer',
7 silly mapToRegistry   rawSpec: '',
7 silly mapToRegistry   spec: 'latest',
7 silly mapToRegistry   type: 'tag'
7 silly mapToRegistry }
8 silly mapToRegistry uri https://registry.npmjs.org/DatabaseViewer
9 verbose request uri https://registry.npmjs.org/DatabaseViewer
10 verbose request no auth needed
11 info attempt registry request try #1 at 14:02:14
12 verbose request id 017295bd3b0b98f9
13 http request GET https://registry.npmjs.org/DatabaseViewer
14 http 404 https://registry.npmjs.org/DatabaseViewer
15 verbose headers {
15 verbose headers   date: 'Fri, 01 May 2020 05:02:15 GMT',
15 verbose headers   'content-type': 'application/json',
15 verbose headers   'content-length': '21',
15 verbose headers   connection: 'keep-alive',
15 verbose headers   'set-cookie': [
15 verbose headers     '__cfduid=d728958e97ad3b87da0325b2eddc8d5e21588309334; expires=Sun, 31-May-20 05:02:14 GMT; path=/; domain=.npmjs.org; HttpOnly; SameSite=Lax'
15 verbose headers   ],
15 verbose headers   'cf-ray': '58c6f2fd4fd90e72-NRT',
15 verbose headers   vary: 'Accept-Encoding',
15 verbose headers   'cf-cache-status': 'MISS',
15 verbose headers   'expect-ct': 'max-age=604800, report-uri="https://report-uri.cloudflare.com/cdn-cgi/beacon/expect-ct"',
15 verbose headers   server: 'cloudflare',
15 verbose headers   'cf-request-id': '027036324d00000e7258361200000001'
15 verbose headers }
16 silly get cb [
16 silly get   404,
16 silly get   {
16 silly get     date: 'Fri, 01 May 2020 05:02:15 GMT',
16 silly get     'content-type': 'application/json',
16 silly get     'content-length': '21',
16 silly get     connection: 'keep-alive',
16 silly get     'set-cookie': [
16 silly get       '__cfduid=d728958e97ad3b87da0325b2eddc8d5e21588309334; expires=Sun, 31-May-20 05:02:14 GMT; path=/; domain=.npmjs.org; HttpOnly; SameSite=Lax'
16 silly get     ],
16 silly get     'cf-ray': '58c6f2fd4fd90e72-NRT',
16 silly get     vary: 'Accept-Encoding',
16 silly get     'cf-cache-status': 'MISS',
16 silly get     'expect-ct': 'max-age=604800, report-uri="https://report-uri.cloudflare.com/cdn-cgi/beacon/expect-ct"',
16 silly get     server: 'cloudflare',
16 silly get     'cf-request-id': '027036324d00000e7258361200000001'
16 silly get   }
16 silly get ]
17 verbose stack Error: Not found : DatabaseViewer
17 verbose stack     at makeError (C:\Program Files (x86)\Nodist\npmv\4.0.5\node_modules\npm-registry-client\lib\request.js:302:12)
17 verbose stack     at CachingRegistryClient.<anonymous> (C:\Program Files (x86)\Nodist\npmv\4.0.5\node_modules\npm-registry-client\lib\request.js:290:14)
17 verbose stack     at Request._callback (C:\Program Files (x86)\Nodist\npmv\4.0.5\node_modules\npm-registry-client\lib\request.js:210:14)
17 verbose stack     at Request.self.callback (C:\Program Files (x86)\Nodist\npmv\4.0.5\node_modules\request\request.js:186:22)
17 verbose stack     at Request.emit (events.js:315:20)
17 verbose stack     at Request.<anonymous> (C:\Program Files (x86)\Nodist\npmv\4.0.5\node_modules\request\request.js:1081:10)
17 verbose stack     at Request.emit (events.js:315:20)
17 verbose stack     at IncomingMessage.<anonymous> (C:\Program Files (x86)\Nodist\npmv\4.0.5\node_modules\request\request.js:1001:12)
17 verbose stack     at Object.onceWrapper (events.js:421:28)
17 verbose stack     at IncomingMessage.emit (events.js:327:22)
18 verbose statusCode 404
19 verbose pkgid DatabaseViewer
20 verbose cwd D:\program\js\database_viewer
21 error Windows_NT 10.0.18362
22 error argv "C:\\Program Files (x86)\\Nodist\\v-x64\\13.12.0\\node.exe" "C:\\Program Files (x86)\\Nodist\\npmv\\4.0.5\\bin\\npm-cli.js" "view" "DatabaseViewer"
23 error node v13.12.0
24 error npm  v4.0.5
25 error code E404
26 error 404 Not found : DatabaseViewer
27 error 404
28 error 404 'DatabaseViewer' is not in the npm registry.
29 error 404 Your package name is not valid, because
30 error 404 1. name can no longer contain capital letters
31 error 404 Note that you can also install from a
32 error 404 tarball, folder, http url, or git url.
33 verbose exit [ 1, true ]
